This file contains any messages produced by compilers while
running configure, to aid debugging if configure makes a mistake.

It was created by GStreamer RTSP Server Library configure 1.8.3, which was
generated by GNU Autoconf 2.69.  Invocation command line was

  $ ./configure 

## --------- ##
## Platform. ##
## --------- ##

hostname = jjy
uname -m = x86_64
uname -r = 4.15.0-29-generic
uname -s = Linux
uname -v = #31~16.04.1-Ubuntu SMP Wed Jul 18 08:54:04 UTC 2018

/usr/bin/uname -p = unknown
/bin/uname -X     = unknown

/bin/arch              = unknown
/usr/bin/arch -k       = unknown
/usr/convex/getsysinfo = unknown
/usr/bin/hostinfo      = unknown
/bin/machine           = unknown
/usr/bin/oslevel       = unknown
/bin/universe          = unknown

PATH: /opt/ros/kinetic/bin
PATH: /home/jjy/bin
PATH: /home/jjy/.local/bin
PATH: /usr/local/sbin
PATH: /usr/local/bin
PATH: /usr/sbin
PATH: /usr/bin
PATH: /sbin
PATH: /bin
PATH: /usr/games
PATH: /usr/local/games
PATH: /snap/bin


## ----------- ##
## Core tests. ##
## ----------- ##

configure:2469: checking build system type
configure:2483: result: x86_64-pc-linux-gnu
configure:2503: checking host system type
configure:2516: result: x86_64-pc-linux-gnu
configure:2536: checking target system type
configure:2549: result: x86_64-pc-linux-gnu
configure:2595: checking for a BSD-compatible install
configure:2663: result: /usr/bin/install -c
configure:2674: checking whether build environment is sane
configure:2729: result: yes
configure:2880: checking for a thread-safe mkdir -p
configure:2919: result: /bin/mkdir -p
configure:2926: checking for gawk
configure:2956: result: no
configure:2926: checking for mawk
configure:2942: found /usr/bin/mawk
configure:2953: result: mawk
configure:2964: checking whether make sets $(MAKE)
configure:2986: result: yes
configure:3015: checking whether make supports nested variables
configure:3032: result: yes
configure:3121: checking whether UID '1000' is supported by ustar format
configure:3124: result: yes
configure:3131: checking whether GID '1000' is supported by ustar format
configure:3134: result: yes
configure:3142: checking how to create a ustar tar archive
configure:3153: tar --version
tar (GNU tar) 1.28
Copyright (C) 2014 Free Software Foundation, Inc.
License GPLv3+: GNU GPL version 3 or later <http://gnu.org/licenses/gpl.html>.
This is free software: you are free to change and redistribute it.
There is NO WARRANTY, to the extent permitted by law.

Written by John Gilmore and Jay Fenlason.
configure:3156: $? = 0
configure:3196: tardir=conftest.dir && eval tar --format=ustar -chf - "$tardir" >conftest.tar
configure:3199: $? = 0
configure:3203: tar -xf - <conftest.tar
configure:3206: $? = 0
configure:3208: cat conftest.dir/file
GrepMe
configure:3211: $? = 0
configure:3224: result: gnutar
configure:3286: checking nano version
configure:3292: result: 0 (release)
configure:3318: checking whether to enable maintainer-specific portions of Makefiles
configure:3327: result: yes
configure:3354: checking whether make supports nested variables
configure:3371: result: yes
configure:3432: checking how to print strings
configure:3459: result: printf
configure:3492: checking for style of include used by make
configure:3520: result: GNU
configure:3591: checking for gcc
configure:3607: found /usr/bin/gcc
configure:3618: result: gcc
configure:3847: checking for C compiler version
configure:3856: gcc --version >&5
gcc (Ubuntu 5.4.0-6ubuntu1~16.04.11) 5.4.0 20160609
Copyright (C) 2015 Free Software Foundation, Inc.
This is free software; see the source for copying conditions.  There is NO
warranty; not even for MERCHANTABILITY or FITNESS FOR A PARTICULAR PURPOSE.

configure:3867: $? = 0
configure:3856: gcc -v >&5
Using built-in specs.
COLLECT_GCC=gcc
COLLECT_LTO_WRAPPER=/usr/lib/gcc/x86_64-linux-gnu/5/lto-wrapper
Target: x86_64-linux-gnu
Configured with: ../src/configure -v --with-pkgversion='Ubuntu 5.4.0-6ubuntu1~16.04.11' --with-bugurl=file:///usr/share/doc/gcc-5/README.Bugs --enable-languages=c,ada,c++,java,go,d,fortran,objc,obj-c++ --prefix=/usr --program-suffix=-5 --enable-shared --enable-linker-build-id --libexecdir=/usr/lib --without-included-gettext --enable-threads=posix --libdir=/usr/lib --enable-nls --with-sysroot=/ --enable-clocale=gnu --enable-libstdcxx-debug --enable-libstdcxx-time=yes --with-default-libstdcxx-abi=new --enable-gnu-unique-object --disable-vtable-verify --enable-libmpx --enable-plugin --with-system-zlib --disable-browser-plugin --enable-java-awt=gtk --enable-gtk-cairo --with-java-home=/usr/lib/jvm/java-1.5.0-gcj-5-amd64/jre --enable-java-home --with-jvm-root-dir=/usr/lib/jvm/java-1.5.0-gcj-5-amd64 --with-jvm-jar-dir=/usr/lib/jvm-exports/java-1.5.0-gcj-5-amd64 --with-arch-directory=amd64 --with-ecj-jar=/usr/share/java/eclipse-ecj.jar --enable-objc-gc --enable-multiarch --disable-werror --with-arch-32=i686 --with-abi=m64 --with-multilib-list=m32,m64,mx32 --enable-multilib --with-tune=generic --enable-checking=release --build=x86_64-linux-gnu --host=x86_64-linux-gnu --target=x86_64-linux-gnu
Thread model: posix
gcc version 5.4.0 20160609 (Ubuntu 5.4.0-6ubuntu1~16.04.11) 
configure:3867: $? = 0
configure:3856: gcc -V >&5
gcc: error: unrecognized command line option '-V'
gcc: fatal error: no input files
compilation terminated.
configure:3867: $? = 1
configure:3856: gcc -qversion >&5
gcc: error: unrecognized command line option '-qversion'
gcc: fatal error: no input files
compilation terminated.
configure:3867: $? = 1
configure:3887: checking whether the C compiler works
configure:3909: gcc    conftest.c  >&5
configure:3913: $? = 0
configure:3961: result: yes
configure:3964: checking for C compiler default output file name
configure:3966: result: a.out
configure:3972: checking for suffix of executables
configure:3979: gcc -o conftest    conftest.c  >&5
configure:3983: $? = 0
configure:4005: result: 
configure:4027: checking whether we are cross compiling
configure:4035: gcc -o conftest    conftest.c  >&5
configure:4039: $? = 0
configure:4046: ./conftest
configure:4050: $? = 0
configure:4065: result: no
configure:4070: checking for suffix of object files
configure:4092: gcc -c   conftest.c >&5
configure:4096: $? = 0
configure:4117: result: o
configure:4121: checking whether we are using the GNU C compiler
configure:4140: gcc -c   conftest.c >&5
configure:4140: $? = 0
configure:4149: result: yes
configure:4158: checking whether gcc accepts -g
configure:4178: gcc -c -g  conftest.c >&5
configure:4178: $? = 0
configure:4219: result: yes
configure:4236: checking for gcc option to accept ISO C89
configure:4299: gcc  -c -g -O2  conftest.c >&5
configure:4299: $? = 0
configure:4312: result: none needed
configure:4337: checking whether gcc understands -c and -o together
configure:4359: gcc -c conftest.c -o conftest2.o
configure:4362: $? = 0
configure:4359: gcc -c conftest.c -o conftest2.o
configure:4362: $? = 0
configure:4374: result: yes
configure:4393: checking dependency style of gcc
configure:4504: result: gcc3
configure:4519: checking for a sed that does not truncate output
configure:4583: result: /bin/sed
configure:4601: checking for grep that handles long lines and -e
configure:4659: result: /bin/grep
configure:4664: checking for egrep
configure:4726: result: /bin/grep -E
configure:4731: checking for fgrep
configure:4793: result: /bin/grep -F
configure:4828: checking for ld used by gcc
configure:4895: result: /usr/bin/ld
configure:4902: checking if the linker (/usr/bin/ld) is GNU ld
configure:4917: result: yes
configure:4929: checking for BSD- or MS-compatible name lister (nm)
configure:4983: result: /usr/bin/nm -B
configure:5113: checking the name lister (/usr/bin/nm -B) interface
configure:5120: gcc -c -g -O2  conftest.c >&5
configure:5123: /usr/bin/nm -B "conftest.o"
configure:5126: output
0000000000000000 B some_variable
configure:5133: result: BSD nm
configure:5136: checking whether ln -s works
configure:5140: result: yes
configure:5148: checking the maximum length of command line arguments
configure:5279: result: 1572864
configure:5327: checking how to convert x86_64-pc-linux-gnu file names to x86_64-pc-linux-gnu format
configure:5367: result: func_convert_file_noop
configure:5374: checking how to convert x86_64-pc-linux-gnu file names to toolchain format
configure:5394: result: func_convert_file_noop
configure:5401: checking for /usr/bin/ld option to reload object files
configure:5408: result: -r
configure:5482: checking for objdump
configure:5498: found /usr/bin/objdump
configure:5509: result: objdump
configure:5538: checking how to recognize dependent libraries
configure:5738: result: pass_all
configure:5823: checking for dlltool
configure:5853: result: no
configure:5880: checking how to associate runtime and link libraries
configure:5907: result: printf %s\n
configure:5968: checking for ar
configure:5984: found /usr/bin/ar
configure:5995: result: ar
configure:6032: checking for archiver @FILE support
configure:6049: gcc -c -g -O2  conftest.c >&5
configure:6049: $? = 0
configure:6052: ar cru libconftest.a @conftest.lst >&5
ar: `u' modifier ignored since `D' is the default (see `U')
configure:6055: $? = 0
configure:6060: ar cru libconftest.a @conftest.lst >&5
ar: `u' modifier ignored since `D' is the default (see `U')
ar: conftest.o: No such file or directory
configure:6063: $? = 1
configure:6075: result: @
configure:6133: checking for strip
configure:6149: found /usr/bin/strip
configure:6160: result: strip
configure:6232: checking for ranlib
configure:6248: found /usr/bin/ranlib
configure:6259: result: ranlib
configure:6361: checking command to parse /usr/bin/nm -B output from gcc object
configure:6514: gcc -c -g -O2  conftest.c >&5
configure:6517: $? = 0
configure:6521: /usr/bin/nm -B conftest.o \| sed -n -e 's/^.*[ ]\([ABCDGIRSTW][ABCDGIRSTW]*\)[ ][ ]*\([_A-Za-z][_A-Za-z0-9]*\)$/\1 \2 \2/p' | sed '/ __gnu_lto/d' \> conftest.nm
configure:6524: $? = 0
configure:6590: gcc -o conftest -g -O2   conftest.c conftstm.o >&5
configure:6593: $? = 0
configure:6631: result: ok
configure:6678: checking for sysroot
configure:6708: result: no
configure:6715: checking for a working dd
configure:6753: result: /bin/dd
configure:6757: checking how to truncate binary pipes
configure:6772: result: /bin/dd bs=4096 count=1
configure:6908: gcc -c -g -O2  conftest.c >&5
configure:6911: $? = 0
configure:7101: checking for mt
configure:7117: found /bin/mt
configure:7128: result: mt
configure:7151: checking if mt is a manifest tool
configure:7157: mt '-?'
configure:7165: result: no
configure:7842: checking how to run the C preprocessor
configure:7873: gcc -E  conftest.c
configure:7873: $? = 0
configure:7887: gcc -E  conftest.c
conftest.c:11:28: fatal error: ac_nonexistent.h: No such file or directory
compilation terminated.
configure:7887: $? = 1
configure: failed program was:
| /* confdefs.h */
| #define PACKAGE_NAME "GStreamer RTSP Server Library"
| #define PACKAGE_TARNAME "gst-rtsp-server"
| #define PACKAGE_VERSION "1.8.3"
| #define PACKAGE_STRING "GStreamer RTSP Server Library 1.8.3"
| #define PACKAGE_BUGREPORT "http://bugzilla.gnome.org/enter_bug.cgi?product=GStreamer"
| #define PACKAGE_URL ""
| #define PACKAGE "gst-rtsp-server"
| #define VERSION "1.8.3"
| /* end confdefs.h.  */
| #include <ac_nonexistent.h>
configure:7912: result: gcc -E
configure:7932: gcc -E  conftest.c
configure:7932: $? = 0
configure:7946: gcc -E  conftest.c
conftest.c:11:28: fatal error: ac_nonexistent.h: No such file or directory
compilation terminated.
configure:7946: $? = 1
configure: failed program was:
| /* confdefs.h */
| #define PACKAGE_NAME "GStreamer RTSP Server Library"
| #define PACKAGE_TARNAME "gst-rtsp-server"
| #define PACKAGE_VERSION "1.8.3"
| #define PACKAGE_STRING "GStreamer RTSP Server Library 1.8.3"
| #define PACKAGE_BUGREPORT "http://bugzilla.gnome.org/enter_bug.cgi?product=GStreamer"
| #define PACKAGE_URL ""
| #define PACKAGE "gst-rtsp-server"
| #define VERSION "1.8.3"
| /* end confdefs.h.  */
| #include <ac_nonexistent.h>
configure:7975: checking for ANSI C header files
configure:7995: gcc -c -g -O2  conftest.c >&5
configure:7995: $? = 0
configure:8068: gcc -o conftest -g -O2   conftest.c  >&5
configure:8068: $? = 0
configure:8068: ./conftest
configure:8068: $? = 0
configure:8079: result: yes
configure:8092: checking for sys/types.h
configure:8092: gcc -c -g -O2  conftest.c >&5
configure:8092: $? = 0
configure:8092: result: yes
configure:8092: checking for sys/stat.h
configure:8092: gcc -c -g -O2  conftest.c >&5
configure:8092: $? = 0
configure:8092: result: yes
configure:8092: checking for stdlib.h
configure:8092: gcc -c -g -O2  conftest.c >&5
configure:8092: $? = 0
configure:8092: result: yes
configure:8092: checking for string.h
configure:8092: gcc -c -g -O2  conftest.c >&5
configure:8092: $? = 0
configure:8092: result: yes
configure:8092: checking for memory.h
configure:8092: gcc -c -g -O2  conftest.c >&5
configure:8092: $? = 0
configure:8092: result: yes
configure:8092: checking for strings.h
configure:8092: gcc -c -g -O2  conftest.c >&5
configure:8092: $? = 0
configure:8092: result: yes
configure:8092: checking for inttypes.h
configure:8092: gcc -c -g -O2  conftest.c >&5
configure:8092: $? = 0
configure:8092: result: yes
configure:8092: checking for stdint.h
configure:8092: gcc -c -g -O2  conftest.c >&5
configure:8092: $? = 0
configure:8092: result: yes
configure:8092: checking for unistd.h
configure:8092: gcc -c -g -O2  conftest.c >&5
configure:8092: $? = 0
configure:8092: result: yes
configure:8106: checking for dlfcn.h
configure:8106: gcc -c -g -O2  conftest.c >&5
configure:8106: $? = 0
configure:8106: result: yes
configure:8676: checking for objdir
configure:8691: result: .libs
configure:8955: checking if gcc supports -fno-rtti -fno-exceptions
configure:8973: gcc -c -g -O2  -fno-rtti -fno-exceptions conftest.c >&5
cc1: warning: command line option '-fno-rtti' is valid for C++/ObjC++ but not for C
configure:8977: $? = 0
configure:8990: result: no
configure:9348: checking for gcc option to produce PIC
configure:9355: result: -fPIC -DPIC
configure:9363: checking if gcc PIC flag -fPIC -DPIC works
configure:9381: gcc -c -g -O2  -fPIC -DPIC -DPIC conftest.c >&5
configure:9385: $? = 0
configure:9398: result: yes
configure:9427: checking if gcc static flag -static works
configure:9455: result: yes
configure:9470: checking if gcc supports -c -o file.o
configure:9491: gcc -c -g -O2  -o out/conftest2.o conftest.c >&5
configure:9495: $? = 0
configure:9517: result: yes
configure:9525: checking if gcc supports -c -o file.o
configure:9572: result: yes
configure:9605: checking whether the gcc linker (/usr/bin/ld -m elf_x86_64) supports shared libraries
configure:10868: result: yes
configure:10905: checking whether -lc should be explicitly linked in
configure:10913: gcc -c -g -O2  conftest.c >&5
configure:10916: $? = 0
configure:10931: gcc -shared  -fPIC -DPIC conftest.o  -v -Wl,-soname -Wl,conftest -o conftest 2\>\&1 \| /bin/grep  -lc  \>/dev/null 2\>\&1
configure:10934: $? = 0
configure:10948: result: no
configure:11108: checking dynamic linker characteristics
configure:11689: gcc -o conftest -g -O2   -Wl,-rpath -Wl,/foo conftest.c  >&5
configure:11689: $? = 0
configure:11938: result: GNU/Linux ld.so
configure:12060: checking how to hardcode library paths into programs
configure:12085: result: immediate
configure:12187: checking for shl_load
configure:12187: gcc -o conftest -g -O2   conftest.c  >&5
/tmp/ccEFNH68.o: In function `main':
/home/jjy/solftware/gst-rtsp-server-1.8.3/conftest.c:57: undefined reference to `shl_load'
collect2: error: ld returned 1 exit status
configure:12187: $? = 1
configure: failed program was:
| /* confdefs.h */
| #define PACKAGE_NAME "GStreamer RTSP Server Library"
| #define PACKAGE_TARNAME "gst-rtsp-server"
| #define PACKAGE_VERSION "1.8.3"
| #define PACKAGE_STRING "GStreamer RTSP Server Library 1.8.3"
| #define PACKAGE_BUGREPORT "http://bugzilla.gnome.org/enter_bug.cgi?product=GStreamer"
| #define PACKAGE_URL ""
| #define PACKAGE "gst-rtsp-server"
| #define VERSION "1.8.3"
| #define STDC_HEADERS 1
| #define HAVE_SYS_TYPES_H 1
| #define HAVE_SYS_STAT_H 1
| #define HAVE_STDLIB_H 1
| #define HAVE_STRING_H 1
| #define HAVE_MEMORY_H 1
| #define HAVE_STRINGS_H 1
| #define HAVE_INTTYPES_H 1
| #define HAVE_STDINT_H 1
| #define HAVE_UNISTD_H 1
| #define HAVE_DLFCN_H 1
| #define LT_OBJDIR ".libs/"
| /* end confdefs.h.  */
| /* Define shl_load to an innocuous variant, in case <limits.h> declares shl_load.
|    For example, HP-UX 11i <limits.h> declares gettimeofday.  */
| #define shl_load innocuous_shl_load
| 
| /* System header to define __stub macros and hopefully few prototypes,
|     which can conflict with char shl_load (); below.
|     Prefer <limits.h> to <assert.h> if __STDC__ is defined, since
|     <limits.h> exists even on freestanding compilers.  */
| 
| #ifdef __STDC__
| # include <limits.h>
| #else
| # include <assert.h>
| #endif
| 
| #undef shl_load
| 
| /* Override any GCC internal prototype to avoid an error.
|    Use char because int might match the return type of a GCC
|    builtin and then its argument prototype would still apply.  */
| #ifdef __cplusplus
| extern "C"
| #endif
| char shl_load ();
| /* The GNU C library defines this for functions which it implements
|     to always fail with ENOSYS.  Some functions are actually named
|     something starting with __ and the normal name is an alias.  */
| #if defined __stub_shl_load || defined __stub___shl_load
| choke me
| #endif
| 
| int
| main ()
| {
| return shl_load ();
|   ;
|   return 0;
| }
configure:12187: result: no
configure:12191: checking for shl_load in -ldld
configure:12216: gcc -o conftest -g -O2   conftest.c -ldld   >&5
/usr/bin/ld: cannot find -ldld
collect2: error: ld returned 1 exit status
configure:12216: $? = 1
configure: failed program was:
| /* confdefs.h */
| #define PACKAGE_NAME "GStreamer RTSP Server Library"
| #define PACKAGE_TARNAME "gst-rtsp-server"
| #define PACKAGE_VERSION "1.8.3"
| #define PACKAGE_STRING "GStreamer RTSP Server Library 1.8.3"
| #define PACKAGE_BUGREPORT "http://bugzilla.gnome.org/enter_bug.cgi?product=GStreamer"
| #define PACKAGE_URL ""
| #define PACKAGE "gst-rtsp-server"
| #define VERSION "1.8.3"
| #define STDC_HEADERS 1
| #define HAVE_SYS_TYPES_H 1
| #define HAVE_SYS_STAT_H 1
| #define HAVE_STDLIB_H 1
| #define HAVE_STRING_H 1
| #define HAVE_MEMORY_H 1
| #define HAVE_STRINGS_H 1
| #define HAVE_INTTYPES_H 1
| #define HAVE_STDINT_H 1
| #define HAVE_UNISTD_H 1
| #define HAVE_DLFCN_H 1
| #define LT_OBJDIR ".libs/"
| /* end confdefs.h.  */
| 
| /* Override any GCC internal prototype to avoid an error.
|    Use char because int might match the return type of a GCC
|    builtin and then its argument prototype would still apply.  */
| #ifdef __cplusplus
| extern "C"
| #endif
| char shl_load ();
| int
| main ()
| {
| return shl_load ();
|   ;
|   return 0;
| }
configure:12225: result: no
configure:12230: checking for dlopen
configure:12230: gcc -o conftest -g -O2   conftest.c  >&5
/tmp/ccM3Nkrf.o: In function `main':
/home/jjy/solftware/gst-rtsp-server-1.8.3/conftest.c:57: undefined reference to `dlopen'
collect2: error: ld returned 1 exit status
configure:12230: $? = 1
configure: failed program was:
| /* confdefs.h */
| #define PACKAGE_NAME "GStreamer RTSP Server Library"
| #define PACKAGE_TARNAME "gst-rtsp-server"
| #define PACKAGE_VERSION "1.8.3"
| #define PACKAGE_STRING "GStreamer RTSP Server Library 1.8.3"
| #define PACKAGE_BUGREPORT "http://bugzilla.gnome.org/enter_bug.cgi?product=GStreamer"
| #define PACKAGE_URL ""
| #define PACKAGE "gst-rtsp-server"
| #define VERSION "1.8.3"
| #define STDC_HEADERS 1
| #define HAVE_SYS_TYPES_H 1
| #define HAVE_SYS_STAT_H 1
| #define HAVE_STDLIB_H 1
| #define HAVE_STRING_H 1
| #define HAVE_MEMORY_H 1
| #define HAVE_STRINGS_H 1
| #define HAVE_INTTYPES_H 1
| #define HAVE_STDINT_H 1
| #define HAVE_UNISTD_H 1
| #define HAVE_DLFCN_H 1
| #define LT_OBJDIR ".libs/"
| /* end confdefs.h.  */
| /* Define dlopen to an innocuous variant, in case <limits.h> declares dlopen.
|    For example, HP-UX 11i <limits.h> declares gettimeofday.  */
| #define dlopen innocuous_dlopen
| 
| /* System header to define __stub macros and hopefully few prototypes,
|     which can conflict with char dlopen (); below.
|     Prefer <limits.h> to <assert.h> if __STDC__ is defined, since
|     <limits.h> exists even on freestanding compilers.  */
| 
| #ifdef __STDC__
| # include <limits.h>
| #else
| # include <assert.h>
| #endif
| 
| #undef dlopen
| 
| /* Override any GCC internal prototype to avoid an error.
|    Use char because int might match the return type of a GCC
|    builtin and then its argument prototype would still apply.  */
| #ifdef __cplusplus
| extern "C"
| #endif
| char dlopen ();
| /* The GNU C library defines this for functions which it implements
|     to always fail with ENOSYS.  Some functions are actually named
|     something starting with __ and the normal name is an alias.  */
| #if defined __stub_dlopen || defined __stub___dlopen
| choke me
| #endif
| 
| int
| main ()
| {
| return dlopen ();
|   ;
|   return 0;
| }
configure:12230: result: no
configure:12234: checking for dlopen in -ldl
configure:12259: gcc -o conftest -g -O2   conftest.c -ldl   >&5
configure:12259: $? = 0
configure:12268: result: yes
configure:12387: checking whether a program can dlopen itself
configure:12467: gcc -o conftest -g -O2  -DHAVE_DLFCN_H  -Wl,--export-dynamic conftest.c -ldl  >&5
configure:12470: $? = 0
configure:12488: result: yes
configure:12493: checking whether a statically linked program can dlopen itself
configure:12573: gcc -o conftest -g -O2  -DHAVE_DLFCN_H  -Wl,--export-dynamic -static conftest.c -ldl  >&5
/tmp/cckrX5Zk.o: In function `main':
/home/jjy/solftware/gst-rtsp-server-1.8.3/configure:12552: warning: Using 'dlopen' in statically linked applications requires at runtime the shared libraries from the glibc version used for linking
/usr/bin/ld: dynamic STT_GNU_IFUNC symbol `strcmp' with pointer equality in `/usr/lib/gcc/x86_64-linux-gnu/5/../../../x86_64-linux-gnu/libc.a(strcmp.o)' can not be used when making an executable; recompile with -fPIE and relink with -pie
collect2: error: ld returned 1 exit status
configure:12576: $? = 1
configure:12594: result: no
configure:12633: checking whether stripping libraries is possible
configure:12638: result: yes
configure:12673: checking if libtool supports shared libraries
configure:12675: result: yes
configure:12678: checking whether to build shared libraries
configure:12703: result: yes
configure:12706: checking whether to build static libraries
configure:12710: result: no
configure:12934: checking for pkg-config
configure:12952: found /usr/bin/pkg-config
configure:12964: result: /usr/bin/pkg-config
configure:12989: checking pkg-config is at least version 0.9.0
configure:12992: result: yes
configure:13018: checking for VALGRIND
configure:13026: $PKG_CONFIG --exists --print-errors "valgrind >= $VALGRIND_REQ"
Package valgrind was not found in the pkg-config search path.
Perhaps you should add the directory containing `valgrind.pc'
to the PKG_CONFIG_PATH environment variable
No package 'valgrind' found
configure:13029: $? = 1
configure:13044: $PKG_CONFIG --exists --print-errors "valgrind >= $VALGRIND_REQ"
Package valgrind was not found in the pkg-config search path.
Perhaps you should add the directory containing `valgrind.pc'
to the PKG_CONFIG_PATH environment variable
No package 'valgrind' found
configure:13047: $? = 1
No package 'valgrind' found
configure:13075: result: no
configure:13264: Using GStreamer RTSP Server Library source release as package name
configure:13288: Using Unknown package origin as package origin
configure:13327: Using GST_PKG_CONFIG_PATH = $(top_builddir)/pkgconfig:/opt/ros/kinetic/lib/pkgconfig
configure:13361: Setting GST_PACKAGE_RELEASE_DATETIME to 2016-08-19
configure:13485: checking for gcc
configure:13512: result: gcc
configure:13741: checking for C compiler version
configure:13750: gcc --version >&5
gcc (Ubuntu 5.4.0-6ubuntu1~16.04.11) 5.4.0 20160609
Copyright (C) 2015 Free Software Foundation, Inc.
This is free software; see the source for copying conditions.  There is NO
warranty; not even for MERCHANTABILITY or FITNESS FOR A PARTICULAR PURPOSE.

configure:13761: $? = 0
configure:13750: gcc -v >&5
Using built-in specs.
COLLECT_GCC=gcc
COLLECT_LTO_WRAPPER=/usr/lib/gcc/x86_64-linux-gnu/5/lto-wrapper
Target: x86_64-linux-gnu
Configured with: ../src/configure -v --with-pkgversion='Ubuntu 5.4.0-6ubuntu1~16.04.11' --with-bugurl=file:///usr/share/doc/gcc-5/README.Bugs --enable-languages=c,ada,c++,java,go,d,fortran,objc,obj-c++ --prefix=/usr --program-suffix=-5 --enable-shared --enable-linker-build-id --libexecdir=/usr/lib --without-included-gettext --enable-threads=posix --libdir=/usr/lib --enable-nls --with-sysroot=/ --enable-clocale=gnu --enable-libstdcxx-debug --enable-libstdcxx-time=yes --with-default-libstdcxx-abi=new --enable-gnu-unique-object --disable-vtable-verify --enable-libmpx --enable-plugin --with-system-zlib --disable-browser-plugin --enable-java-awt=gtk --enable-gtk-cairo --with-java-home=/usr/lib/jvm/java-1.5.0-gcj-5-amd64/jre --enable-java-home --with-jvm-root-dir=/usr/lib/jvm/java-1.5.0-gcj-5-amd64 --with-jvm-jar-dir=/usr/lib/jvm-exports/java-1.5.0-gcj-5-amd64 --with-arch-directory=amd64 --with-ecj-jar=/usr/share/java/eclipse-ecj.jar --enable-objc-gc --enable-multiarch --disable-werror --with-arch-32=i686 --with-abi=m64 --with-multilib-list=m32,m64,mx32 --enable-multilib --with-tune=generic --enable-checking=release --build=x86_64-linux-gnu --host=x86_64-linux-gnu --target=x86_64-linux-gnu
Thread model: posix
gcc version 5.4.0 20160609 (Ubuntu 5.4.0-6ubuntu1~16.04.11) 
configure:13761: $? = 0
configure:13750: gcc -V >&5
gcc: error: unrecognized command line option '-V'
gcc: fatal error: no input files
compilation terminated.
configure:13761: $? = 1
configure:13750: gcc -qversion >&5
gcc: error: unrecognized command line option '-qversion'
gcc: fatal error: no input files
compilation terminated.
configure:13761: $? = 1
configure:13765: checking whether we are using the GNU C compiler
configure:13793: result: yes
configure:13802: checking whether gcc accepts -g
configure:13863: result: yes
configure:13880: checking for gcc option to accept ISO C89
configure:13956: result: none needed
configure:13981: checking whether gcc understands -c and -o together
configure:14018: result: yes
configure:14037: checking dependency style of gcc
configure:14148: result: gcc3
configure:14167: checking for gcc option to accept ISO C99
configure:14316: gcc  -c -g -O2  conftest.c >&5
configure:14316: $? = 0
configure:14329: result: none needed
configure:14437: checking for gcc option to accept ISO Standard C
configure:14448: result: none needed
configure:14467: checking dependency style of gcc
configure:14576: result: gcc3
configure:14594: checking for valgrind
configure:14625: result: no
configure:14653: checking for gobject-introspection
configure:14684: $PKG_CONFIG --exists --print-errors "gobject-introspection-1.0 >= 1.31.1"
Package gobject-introspection-1.0 was not found in the pkg-config search path.
Perhaps you should add the directory containing `gobject-introspection-1.0.pc'
to the PKG_CONFIG_PATH environment variable
No package 'gobject-introspection-1.0' found
configure:14687: $? = 1
configure:14698: result: no
configure:15297: checking for gtkdoc-check
configure:15330: result: no
configure:15339: checking for gtkdoc-rebase
configure:15372: result: no
configure:15383: checking for gtkdoc-mkpdf
configure:15416: result: no
configure:15617: checking whether to build gtk-doc documentation
configure:15619: result: no
configure:15701: checking for GLIB
configure:15709: $PKG_CONFIG --exists --print-errors "$which"
configure:15712: $? = 0
configure:15727: $PKG_CONFIG --exists --print-errors "$which"
configure:15730: $? = 0
configure:15782: result: yes
configure:15833: checking for glib-genmarshal
configure:15841: result: glib-genmarshal (from pkg-config path)
configure:15895: checking for glib-mkenums
configure:15902: result: glib-mkenums
configure:15915: checking for GIO
configure:15923: $PKG_CONFIG --exists --print-errors "gio-2.0 >= $GLIB_REQ"
configure:15926: $? = 0
configure:15941: $PKG_CONFIG --exists --print-errors "gio-2.0 >= $GLIB_REQ"
configure:15944: $? = 0
configure:15999: result: yes
configure:16039: checking for GST
configure:16047: $PKG_CONFIG --exists --print-errors "$module >= $minver"
configure:16050: $? = 0
configure:16065: $PKG_CONFIG --exists --print-errors "$module >= $minver"
configure:16068: $? = 0
configure:16124: result: yes
configure:16138: using GStreamer tools in /usr/bin
configure:16148: using GStreamer plug-ins in /usr/lib/x86_64-linux-gnu/gstreamer-1.0
configure:16161: Using GStreamer Core Plugins in /usr/lib/x86_64-linux-gnu/gstreamer-1.0
configure:16172: checking for GST_BASE
configure:16180: $PKG_CONFIG --exists --print-errors "$module >= $minver"
configure:16183: $? = 0
configure:16198: $PKG_CONFIG --exists --print-errors "$module >= $minver"
configure:16201: $? = 0
configure:16257: result: yes
configure:16275: checking for GST_NET
configure:16283: $PKG_CONFIG --exists --print-errors "$module >= $minver"
configure:16286: $? = 0
configure:16301: $PKG_CONFIG --exists --print-errors "$module >= $minver"
configure:16304: $? = 0
configure:16360: result: yes
configure:16378: checking for GST_PLUGINS_BASE
configure:16386: $PKG_CONFIG --exists --print-errors "$module >= $minver"
configure:16389: $? = 0
configure:16404: $PKG_CONFIG --exists --print-errors "$module >= $minver"
configure:16407: $? = 0
configure:16463: result: yes
configure:16479: using GStreamer Base Plugins in /usr/lib/x86_64-linux-gnu/gstreamer-1.0
configure:16488: Using GStreamer Base Plugins in /usr/lib/x86_64-linux-gnu/gstreamer-1.0
configure:16499: checking for GST_PLUGINS_GOOD
configure:16507: $PKG_CONFIG --exists --print-errors "$module >= $minver"
Package gstreamer-plugins-good-1.0 was not found in the pkg-config search path.
Perhaps you should add the directory containing `gstreamer-plugins-good-1.0.pc'
to the PKG_CONFIG_PATH environment variable
No package 'gstreamer-plugins-good-1.0' found
configure:16510: $? = 1
configure:16525: $PKG_CONFIG --exists --print-errors "$module >= $minver"
Package gstreamer-plugins-good-1.0 was not found in the pkg-config search path.
Perhaps you should add the directory containing `gstreamer-plugins-good-1.0.pc'
to the PKG_CONFIG_PATH environment variable
No package 'gstreamer-plugins-good-1.0' found
configure:16528: $? = 1
No package 'gstreamer-plugins-good-1.0' found
configure:16556: result: no
configure:16560: No package 'gstreamer-plugins-good-1.0' found
configure:16565: no gstreamer-plugins-good-1.0 >= 1.8.0 (GStreamer Good Plugins) found
configure:16608: Using GStreamer Good Plugins in 
configure:16619: checking for GST_PLUGINS_BAD
configure:16627: $PKG_CONFIG --exists --print-errors "$module >= $minver"
Package gstreamer-plugins-bad-1.0 was not found in the pkg-config search path.
Perhaps you should add the directory containing `gstreamer-plugins-bad-1.0.pc'
to the PKG_CONFIG_PATH environment variable
No package 'gstreamer-plugins-bad-1.0' found
configure:16630: $? = 1
configure:16645: $PKG_CONFIG --exists --print-errors "$module >= $minver"
Package gstreamer-plugins-bad-1.0 was not found in the pkg-config search path.
Perhaps you should add the directory containing `gstreamer-plugins-bad-1.0.pc'
to the PKG_CONFIG_PATH environment variable
No package 'gstreamer-plugins-bad-1.0' found
configure:16648: $? = 1
No package 'gstreamer-plugins-bad-1.0' found
configure:16676: result: no
configure:16680: No package 'gstreamer-plugins-bad-1.0' found
configure:16685: no gstreamer-plugins-bad-1.0 >= 1.8.0 (GStreamer Bad Plugins) found
configure:16728: Using GStreamer Bad Plugins in 
configure:16739: checking for GST_CHECK
configure:16747: $PKG_CONFIG --exists --print-errors "$module >= $minver"
configure:16750: $? = 0
configure:16765: $PKG_CONFIG --exists --print-errors "$module >= $minver"
configure:16768: $? = 0
configure:16824: result: yes
configure:16847: checking for -Bsymbolic-functions linker flag
configure:16862: gcc -o conftest -g -O2  -Wl,-Bsymbolic-functions conftest.c  >&5
configure:16862: $? = 0
configure:16863: result: yes
configure:16920: Using /usr/local/lib/gstreamer-1.0 as the plugin install location
configure:16957: Setting GST_PACKAGE_RELEASE_DATETIME to 2016-08-19
configure:17014: checking whether the GStreamer debugging system is enabled
configure:17033: gcc -c -pthread -I/usr/include/gstreamer-1.0 -I/usr/lib/x86_64-linux-gnu/gstreamer-1.0/include -I/usr/include/glib-2.0 -I/usr/lib/x86_64-linux-gnu/glib-2.0/include -g -O2  conftest.c >&5
configure:17033: $? = 0
configure:17047: result: yes
configure:17067: checking to see if compiler understands -Wall
configure:17084: gcc -c -g -O2 -Wall  conftest.c >&5
configure:17084: $? = 0
configure:17099: result: yes
configure:17104: checking to see if compiler understands -Wdeclaration-after-statement
configure:17121: gcc -c -g -O2 -Wdeclaration-after-statement  conftest.c >&5
configure:17121: $? = 0
configure:17136: result: yes
configure:17141: checking to see if compiler understands -Wvla
configure:17158: gcc -c -g -O2 -Wvla  conftest.c >&5
configure:17158: $? = 0
configure:17173: result: yes
configure:17178: checking to see if compiler understands -Wpointer-arith
configure:17195: gcc -c -g -O2 -Wpointer-arith  conftest.c >&5
configure:17195: $? = 0
configure:17210: result: yes
configure:17261: checking to see if compiler understands -Wmissing-declarations
configure:17278: gcc -c -g -O2 -Wmissing-declarations  conftest.c >&5
configure:17278: $? = 0
configure:17293: result: yes
configure:17261: checking to see if compiler understands -Wmissing-prototypes
configure:17278: gcc -c -g -O2 -Wmissing-prototypes  conftest.c >&5
configure:17278: $? = 0
configure:17293: result: yes
configure:17261: checking to see if compiler understands -Wredundant-decls
configure:17278: gcc -c -g -O2 -Wredundant-decls  conftest.c >&5
configure:17278: $? = 0
configure:17293: result: yes
configure:17261: checking to see if compiler understands -Wundef
configure:17278: gcc -c -g -O2 -Wundef  conftest.c >&5
configure:17278: $? = 0
configure:17293: result: yes
configure:17261: checking to see if compiler understands -Wwrite-strings
configure:17278: gcc -c -g -O2 -Wwrite-strings  conftest.c >&5
configure:17278: $? = 0
configure:17293: result: yes
configure:17261: checking to see if compiler understands -Wformat-nonliteral
configure:17278: gcc -c -g -O2 -Wformat-nonliteral  conftest.c >&5
configure:17278: $? = 0
configure:17293: result: yes
configure:17261: checking to see if compiler understands -Wformat-security
configure:17278: gcc -c -g -O2 -Wformat-security  conftest.c >&5
configure:17278: $? = 0
configure:17293: result: yes
configure:17261: checking to see if compiler understands -Wold-style-definition
configure:17278: gcc -c -g -O2 -Wold-style-definition  conftest.c >&5
conftest.c: In function 'main':
conftest.c:34:1: warning: old-style function definition [-Wold-style-definition]
 main ()
 ^
configure:17278: $? = 0
configure:17293: result: yes
configure:17261: checking to see if compiler understands -Winit-self
configure:17278: gcc -c -g -O2 -Winit-self  conftest.c >&5
configure:17278: $? = 0
configure:17293: result: yes
configure:17261: checking to see if compiler understands -Wmissing-include-dirs
configure:17278: gcc -c -g -O2 -Wmissing-include-dirs  conftest.c >&5
configure:17278: $? = 0
configure:17293: result: yes
configure:17261: checking to see if compiler understands -Waddress
configure:17278: gcc -c -g -O2 -Waddress  conftest.c >&5
configure:17278: $? = 0
configure:17293: result: yes
configure:17261: checking to see if compiler understands -Waggregate-return
configure:17278: gcc -c -g -O2 -Waggregate-return  conftest.c >&5
configure:17278: $? = 0
configure:17293: result: yes
configure:17261: checking to see if compiler understands -Wno-multichar
configure:17278: gcc -c -g -O2 -Wno-multichar  conftest.c >&5
configure:17278: $? = 0
configure:17293: result: yes
configure:17261: checking to see if compiler understands -Wnested-externs
configure:17278: gcc -c -g -O2 -Wnested-externs  conftest.c >&5
configure:17278: $? = 0
configure:17293: result: yes
configure:17305: set WARNING_CFLAGS to  -Wall -Wdeclaration-after-statement -Wvla -Wpointer-arith -Wmissing-declarations -Wmissing-prototypes -Wredundant-decls -Wundef -Wwrite-strings -Wformat-nonliteral -Wformat-security -Wold-style-definition -Winit-self -Wmissing-include-dirs -Waddress -Waggregate-return -Wno-multichar -Wnested-externs
configure:17307: set ERROR_CFLAGS to 
configure:17356: Using autoaudiosink as default audio sink
configure:17381: Using alsasrc as default audio source
configure:17406: Using autovideosink as default video sink
configure:17431: Using v4l2src as default video source
configure:17456: Using goom as default visualizer
configure:17511: checking whether to build static plugins or not
configure:17527: result: no
configure:17552: checking for LIBCGROUP
configure:17560: $PKG_CONFIG --exists --print-errors "libcgroup >= 0.26"
Package libcgroup was not found in the pkg-config search path.
Perhaps you should add the directory containing `libcgroup.pc'
to the PKG_CONFIG_PATH environment variable
No package 'libcgroup' found
configure:17563: $? = 1
configure:17578: $PKG_CONFIG --exists --print-errors "libcgroup >= 0.26"
Package libcgroup was not found in the pkg-config search path.
Perhaps you should add the directory containing `libcgroup.pc'
to the PKG_CONFIG_PATH environment variable
No package 'libcgroup' found
configure:17581: $? = 1
No package 'libcgroup' found
configure:17609: result: no
configure:17745: checking that generated files are newer than configure
configure:17751: result: done
configure:17850: creating ./config.status

## ---------------------- ##
## Running config.status. ##
## ---------------------- ##

This file was extended by GStreamer RTSP Server Library config.status 1.8.3, which was
generated by GNU Autoconf 2.69.  Invocation command line was

  CONFIG_FILES    = 
  CONFIG_HEADERS  = 
  CONFIG_LINKS    = 
  CONFIG_COMMANDS = 
  $ ./config.status 

on jjy

config.status:1278: creating Makefile
config.status:1278: creating gst-rtsp.spec
config.status:1278: creating common/Makefile
config.status:1278: creating common/m4/Makefile
config.status:1278: creating gst/Makefile
config.status:1278: creating gst/rtsp-server/Makefile
config.status:1278: creating gst/rtsp-sink/Makefile
config.status:1278: creating examples/Makefile
config.status:1278: creating tests/Makefile
config.status:1278: creating tests/check/Makefile
config.status:1278: creating pkgconfig/Makefile
config.status:1278: creating pkgconfig/gstreamer-rtsp-server.pc
config.status:1278: creating pkgconfig/gstreamer-rtsp-server-uninstalled.pc
config.status:1278: creating docs/Makefile
config.status:1278: creating docs/version.entities
config.status:1278: creating docs/libs/Makefile
config.status:1278: creating config.h
config.status:1507: executing depfiles commands
config.status:1507: executing libtool commands

## ---------------- ##
## Cache variables. ##
## ---------------- ##

ac_cv_build=x86_64-pc-linux-gnu
ac_cv_c_compiler_gnu=yes
ac_cv_env_CCASFLAGS_set=
ac_cv_env_CCASFLAGS_value=
ac_cv_env_CCAS_set=
ac_cv_env_CCAS_value=
ac_cv_env_CC_set=
ac_cv_env_CC_value=
ac_cv_env_CFLAGS_set=
ac_cv_env_CFLAGS_value=
ac_cv_env_CPPFLAGS_set=
ac_cv_env_CPPFLAGS_value=
ac_cv_env_CPP_set=
ac_cv_env_CPP_value=
ac_cv_env_GIO_CFLAGS_set=
ac_cv_env_GIO_CFLAGS_value=
ac_cv_env_GIO_LIBS_set=
ac_cv_env_GIO_LIBS_value=
ac_cv_env_GLIB_CFLAGS_set=
ac_cv_env_GLIB_CFLAGS_value=
ac_cv_env_GLIB_LIBS_set=
ac_cv_env_GLIB_LIBS_value=
ac_cv_env_GST_BASE_CFLAGS_set=
ac_cv_env_GST_BASE_CFLAGS_value=
ac_cv_env_GST_BASE_LIBS_set=
ac_cv_env_GST_BASE_LIBS_value=
ac_cv_env_GST_CFLAGS_set=
ac_cv_env_GST_CFLAGS_value=
ac_cv_env_GST_CHECK_CFLAGS_set=
ac_cv_env_GST_CHECK_CFLAGS_value=
ac_cv_env_GST_CHECK_LIBS_set=
ac_cv_env_GST_CHECK_LIBS_value=
ac_cv_env_GST_LIBS_set=
ac_cv_env_GST_LIBS_value=
ac_cv_env_GST_NET_CFLAGS_set=
ac_cv_env_GST_NET_CFLAGS_value=
ac_cv_env_GST_NET_LIBS_set=
ac_cv_env_GST_NET_LIBS_value=
ac_cv_env_GST_PLUGINS_BAD_CFLAGS_set=
ac_cv_env_GST_PLUGINS_BAD_CFLAGS_value=
ac_cv_env_GST_PLUGINS_BAD_LIBS_set=
ac_cv_env_GST_PLUGINS_BAD_LIBS_value=
ac_cv_env_GST_PLUGINS_BASE_CFLAGS_set=
ac_cv_env_GST_PLUGINS_BASE_CFLAGS_value=
ac_cv_env_GST_PLUGINS_BASE_LIBS_set=
ac_cv_env_GST_PLUGINS_BASE_LIBS_value=
ac_cv_env_GST_PLUGINS_GOOD_CFLAGS_set=
ac_cv_env_GST_PLUGINS_GOOD_CFLAGS_value=
ac_cv_env_GST_PLUGINS_GOOD_LIBS_set=
ac_cv_env_GST_PLUGINS_GOOD_LIBS_value=
ac_cv_env_GTKDOC_DEPS_CFLAGS_set=
ac_cv_env_GTKDOC_DEPS_CFLAGS_value=
ac_cv_env_GTKDOC_DEPS_LIBS_set=
ac_cv_env_GTKDOC_DEPS_LIBS_value=
ac_cv_env_LDFLAGS_set=
ac_cv_env_LDFLAGS_value=
ac_cv_env_LIBCGROUP_CFLAGS_set=
ac_cv_env_LIBCGROUP_CFLAGS_value=
ac_cv_env_LIBCGROUP_LIBS_set=
ac_cv_env_LIBCGROUP_LIBS_value=
ac_cv_env_LIBS_set=
ac_cv_env_LIBS_value=
ac_cv_env_LT_SYS_LIBRARY_PATH_set=
ac_cv_env_LT_SYS_LIBRARY_PATH_value=
ac_cv_env_PKG_CONFIG_set=
ac_cv_env_PKG_CONFIG_value=
ac_cv_env_VALGRIND_CFLAGS_set=
ac_cv_env_VALGRIND_CFLAGS_value=
ac_cv_env_VALGRIND_LIBS_set=
ac_cv_env_VALGRIND_LIBS_value=
ac_cv_env_build_alias_set=
ac_cv_env_build_alias_value=
ac_cv_env_host_alias_set=
ac_cv_env_host_alias_value=
ac_cv_env_target_alias_set=
ac_cv_env_target_alias_value=
ac_cv_func_dlopen=no
ac_cv_func_shl_load=no
ac_cv_header_dlfcn_h=yes
ac_cv_header_inttypes_h=yes
ac_cv_header_memory_h=yes
ac_cv_header_stdc=yes
ac_cv_header_stdint_h=yes
ac_cv_header_stdlib_h=yes
ac_cv_header_string_h=yes
ac_cv_header_strings_h=yes
ac_cv_header_sys_stat_h=yes
ac_cv_header_sys_types_h=yes
ac_cv_header_unistd_h=yes
ac_cv_host=x86_64-pc-linux-gnu
ac_cv_lib_dl_dlopen=yes
ac_cv_lib_dld_shl_load=no
ac_cv_objext=o
ac_cv_path_EGREP='/bin/grep -E'
ac_cv_path_FGREP='/bin/grep -F'
ac_cv_path_GREP=/bin/grep
ac_cv_path_SED=/bin/sed
ac_cv_path_VALGRIND_PATH=no
ac_cv_path_ac_pt_PKG_CONFIG=/usr/bin/pkg-config
ac_cv_path_install='/usr/bin/install -c'
ac_cv_path_lt_DD=/bin/dd
ac_cv_path_mkdir=/bin/mkdir
ac_cv_prog_AWK=mawk
ac_cv_prog_CPP='gcc -E'
ac_cv_prog_ac_ct_AR=ar
ac_cv_prog_ac_ct_CC=gcc
ac_cv_prog_ac_ct_MANIFEST_TOOL=mt
ac_cv_prog_ac_ct_OBJDUMP=objdump
ac_cv_prog_ac_ct_RANLIB=ranlib
ac_cv_prog_ac_ct_STRIP=strip
ac_cv_prog_cc_c89=
ac_cv_prog_cc_c99=
ac_cv_prog_cc_g=yes
ac_cv_prog_cc_stdc=
ac_cv_prog_make_make_set=yes
ac_cv_target=x86_64-pc-linux-gnu
am_cv_CCAS_dependencies_compiler_type=gcc3
am_cv_CC_dependencies_compiler_type=gcc3
am_cv_make_support_nested_variables=yes
am_cv_prog_cc_c_o=yes
am_cv_prog_tar_ustar=gnutar
lt_cv_ar_at_file=@
lt_cv_archive_cmds_need_lc=no
lt_cv_deplibs_check_method=pass_all
lt_cv_dlopen=dlopen
lt_cv_dlopen_libs=-ldl
lt_cv_dlopen_self=yes
lt_cv_dlopen_self_static=no
lt_cv_file_magic_cmd='$MAGIC_CMD'
lt_cv_file_magic_test_file=
lt_cv_ld_reload_flag=-r
lt_cv_nm_interface='BSD nm'
lt_cv_objdir=.libs
lt_cv_path_LD=/usr/bin/ld
lt_cv_path_NM='/usr/bin/nm -B'
lt_cv_path_mainfest_tool=no
lt_cv_prog_compiler_c_o=yes
lt_cv_prog_compiler_pic='-fPIC -DPIC'
lt_cv_prog_compiler_pic_works=yes
lt_cv_prog_compiler_rtti_exceptions=no
lt_cv_prog_compiler_static_works=yes
lt_cv_prog_gnu_ld=yes
lt_cv_sharedlib_from_linklib_cmd='printf %s\n'
lt_cv_shlibpath_overrides_runpath=no
lt_cv_sys_global_symbol_pipe='sed -n -e '\''s/^.*[	 ]\([ABCDGIRSTW][ABCDGIRSTW]*\)[	 ][	 ]*\([_A-Za-z][_A-Za-z0-9]*\)$/\1 \2 \2/p'\'' | sed '\''/ __gnu_lto/d'\'''
lt_cv_sys_global_symbol_to_c_name_address='sed -n -e '\''s/^: \(.*\) .*$/  {"\1", (void *) 0},/p'\'' -e '\''s/^[ABCDGIRSTW][ABCDGIRSTW]* .* \(.*\)$/  {"\1", (void *) \&\1},/p'\'''
lt_cv_sys_global_symbol_to_c_name_address_lib_prefix='sed -n -e '\''s/^: \(.*\) .*$/  {"\1", (void *) 0},/p'\'' -e '\''s/^[ABCDGIRSTW][ABCDGIRSTW]* .* \(lib.*\)$/  {"\1", (void *) \&\1},/p'\'' -e '\''s/^[ABCDGIRSTW][ABCDGIRSTW]* .* \(.*\)$/  {"lib\1", (void *) \&\1},/p'\'''
lt_cv_sys_global_symbol_to_cdecl='sed -n -e '\''s/^T .* \(.*\)$/extern int \1();/p'\'' -e '\''s/^[ABCDGIRSTW][ABCDGIRSTW]* .* \(.*\)$/extern char \1;/p'\'''
lt_cv_sys_global_symbol_to_import=
lt_cv_sys_max_cmd_len=1572864
lt_cv_to_host_file_cmd=func_convert_file_noop
lt_cv_to_tool_file_cmd=func_convert_file_noop
lt_cv_truncate_bin='/bin/dd bs=4096 count=1'
pkg_cv_GIO_CFLAGS='-pthread -I/usr/include/glib-2.0 -I/usr/lib/x86_64-linux-gnu/glib-2.0/include'
pkg_cv_GIO_LIBS='-lgio-2.0 -lgobject-2.0 -lglib-2.0'
pkg_cv_GLIB_CFLAGS='-pthread -I/usr/include/glib-2.0 -I/usr/lib/x86_64-linux-gnu/glib-2.0/include'
pkg_cv_GLIB_LIBS='-lgobject-2.0 -lgmodule-2.0 -pthread -lglib-2.0'
pkg_cv_GST_BASE_CFLAGS='-pthread -I/usr/include/gstreamer-1.0 -I/usr/lib/x86_64-linux-gnu/gstreamer-1.0/include -I/usr/include/glib-2.0 -I/usr/lib/x86_64-linux-gnu/glib-2.0/include'
pkg_cv_GST_BASE_LIBS='-lgstbase-1.0 -lgstreamer-1.0 -lgobject-2.0 -lglib-2.0'
pkg_cv_GST_CFLAGS='-pthread -I/usr/include/gstreamer-1.0 -I/usr/lib/x86_64-linux-gnu/gstreamer-1.0/include -I/usr/include/glib-2.0 -I/usr/lib/x86_64-linux-gnu/glib-2.0/include'
pkg_cv_GST_CHECK_CFLAGS='-pthread -I/usr/include/gstreamer-1.0 -I/usr/lib/x86_64-linux-gnu/gstreamer-1.0/include -I/usr/include/glib-2.0 -I/usr/lib/x86_64-linux-gnu/glib-2.0/include'
pkg_cv_GST_CHECK_LIBS='-lgstcheck-1.0 -lm -lgstreamer-1.0 -lgobject-2.0 -lglib-2.0'
pkg_cv_GST_LIBS='-lgstreamer-1.0 -lgobject-2.0 -lglib-2.0'
pkg_cv_GST_NET_CFLAGS='-pthread -I/usr/include/gstreamer-1.0 -I/usr/lib/x86_64-linux-gnu/gstreamer-1.0/include -I/usr/include/glib-2.0 -I/usr/lib/x86_64-linux-gnu/glib-2.0/include'
pkg_cv_GST_NET_LIBS='-lgstnet-1.0 -lgstreamer-1.0 -lgio-2.0 -lgobject-2.0 -lglib-2.0'
pkg_cv_GST_PLUGINS_BASE_CFLAGS='-pthread -I/usr/include/gstreamer-1.0 -I/usr/lib/x86_64-linux-gnu/gstreamer-1.0/include -I/usr/include/glib-2.0 -I/usr/lib/x86_64-linux-gnu/glib-2.0/include'
pkg_cv_GST_PLUGINS_BASE_LIBS='-lgstreamer-1.0 -lgobject-2.0 -lglib-2.0'

## ----------------- ##
## Output variables. ##
## ----------------- ##

ACLOCAL='${SHELL} /home/jjy/solftware/gst-rtsp-server-1.8.3/missing aclocal-1.15'
ACLOCAL_AMFLAGS='-I m4 -I common/m4'
AMDEPBACKSLASH='\'
AMDEP_FALSE='#'
AMDEP_TRUE=''
AMTAR='$${TAR-tar}'
AM_BACKSLASH='\'
AM_DEFAULT_V='$(AM_DEFAULT_VERBOSITY)'
AM_DEFAULT_VERBOSITY='0'
AM_V='$(V)'
AR='ar'
AS='as'
AUTOCONF='${SHELL} /home/jjy/solftware/gst-rtsp-server-1.8.3/missing autoconf'
AUTOHEADER='${SHELL} /home/jjy/solftware/gst-rtsp-server-1.8.3/missing autoheader'
AUTOMAKE='${SHELL} /home/jjy/solftware/gst-rtsp-server-1.8.3/missing automake-1.15'
AWK='mawk'
BUILD_EXAMPLES_FALSE='#'
BUILD_EXAMPLES_TRUE=''
BUILD_TESTS_FALSE='#'
BUILD_TESTS_TRUE=''
CAT_ENTRY_END=''
CAT_ENTRY_START=''
CC='gcc'
CCAS='gcc'
CCASDEPMODE='depmode=gcc3'
CCASFLAGS='-g -O2'
CCDEPMODE='depmode=gcc3'
CFLAGS='-g -O2'
CPP='gcc -E'
CPPFLAGS=''
CXXFLAGS=''
CYGPATH_W='echo'
DEFAULT_AUDIOSINK='autoaudiosink'
DEFAULT_AUDIOSRC='alsasrc'
DEFAULT_VIDEOSINK='autovideosink'
DEFAULT_VIDEOSRC='v4l2src'
DEFAULT_VISUALIZER='goom'
DEFS='-DHAVE_CONFIG_H'
DEPDIR='.deps'
DEPRECATED_CFLAGS=''
DLLTOOL='false'
DOCBOOK_ROOT=''
DOC_HTML_FALSE=''
DOC_HTML_TRUE='#'
DOC_PDF_FALSE=''
DOC_PDF_TRUE='#'
DOC_PS_FALSE=''
DOC_PS_TRUE='#'
DSYMUTIL=''
DUMPBIN=''
ECHO_C=''
ECHO_N='-n'
ECHO_T=''
EGREP='/bin/grep -E'
ENABLE_DOCBOOK_FALSE=''
ENABLE_DOCBOOK_TRUE='#'
ENABLE_GTK_DOC_FALSE=''
ENABLE_GTK_DOC_TRUE='#'
ERROR_CFLAGS=''
EXEEXT=''
FFLAGS=''
FGREP='/bin/grep -F'
GCOV=''
GCOV_CFLAGS=''
GCOV_LIBS=''
GIO_CFLAGS='-pthread -I/usr/include/glib-2.0 -I/usr/lib/x86_64-linux-gnu/glib-2.0/include'
GIO_LDFLAGS=''
GIO_LIBS='-lgio-2.0 -lgobject-2.0 -lglib-2.0'
GLIB_CFLAGS='-pthread -I/usr/include/glib-2.0 -I/usr/lib/x86_64-linux-gnu/glib-2.0/include'
GLIB_EXTRA_CFLAGS=' -DG_THREADS_MANDATORY -DG_DISABLE_CAST_CHECKS'
GLIB_GENMARSHAL='glib-genmarshal'
GLIB_LIBS='-lgobject-2.0 -lgmodule-2.0 -pthread -lglib-2.0'
GLIB_MKENUMS='glib-mkenums'
GLIB_REQ='2.40.0'
GREP='/bin/grep'
GSTPB_PLUGINS_DIR='/usr/lib/x86_64-linux-gnu/gstreamer-1.0'
GSTPD_PLUGINS_DIR=''
GSTPG_PLUGINS_DIR=''
GST_AGE='803'
GST_ALL_CFLAGS='-I$(top_srcdir) -I$(top_builddir) -pthread -I/usr/include/gstreamer-1.0 -I/usr/lib/x86_64-linux-gnu/gstreamer-1.0/include -I/usr/include/glib-2.0 -I/usr/lib/x86_64-linux-gnu/glib-2.0/include -pthread -I/usr/include/gstreamer-1.0 -I/usr/lib/x86_64-linux-gnu/gstreamer-1.0/include -I/usr/include/glib-2.0 -I/usr/lib/x86_64-linux-gnu/glib-2.0/include $(GST_OPTION_CFLAGS) $(GST_OPTION_CFLAGS)'
GST_ALL_LDFLAGS='-no-undefined -Wl,-Bsymbolic-functions'
GST_ALL_LIBS='-lgstreamer-1.0 -lgobject-2.0 -lglib-2.0  $(GCOV_LIBS)'
GST_API_VERSION='1.0'
GST_BASE_CFLAGS='-pthread -I/usr/include/gstreamer-1.0 -I/usr/lib/x86_64-linux-gnu/gstreamer-1.0/include -I/usr/include/glib-2.0 -I/usr/lib/x86_64-linux-gnu/glib-2.0/include'
GST_BASE_LIBS='-lgstbase-1.0 -lgstreamer-1.0 -lgobject-2.0 -lglib-2.0'
GST_CFLAGS='-pthread -I/usr/include/gstreamer-1.0 -I/usr/lib/x86_64-linux-gnu/gstreamer-1.0/include -I/usr/include/glib-2.0 -I/usr/lib/x86_64-linux-gnu/glib-2.0/include $(GST_OPTION_CFLAGS)'
GST_CHECK_CFLAGS='-pthread -I/usr/include/gstreamer-1.0 -I/usr/lib/x86_64-linux-gnu/gstreamer-1.0/include -I/usr/include/glib-2.0 -I/usr/lib/x86_64-linux-gnu/glib-2.0/include'
GST_CHECK_LIBS='-lgstcheck-1.0 -lm -lgstreamer-1.0 -lgobject-2.0 -lglib-2.0'
GST_CURRENT='803'
GST_GCOV_ENABLED_FALSE=''
GST_GCOV_ENABLED_TRUE='#'
GST_LEVEL_DEFAULT='GST_LEVEL_NONE'
GST_LIBS='-lgstreamer-1.0 -lgobject-2.0 -lglib-2.0'
GST_LIBVERSION='803:0:803'
GST_LIB_LDFLAGS='-export-symbols-regex \^_?\(gst_\|Gst\|GST_\).*'
GST_LICENSE='LGPL'
GST_LT_LDFLAGS=' -version-info 803:0:803'
GST_NET_CFLAGS='-pthread -I/usr/include/gstreamer-1.0 -I/usr/lib/x86_64-linux-gnu/gstreamer-1.0/include -I/usr/include/glib-2.0 -I/usr/lib/x86_64-linux-gnu/glib-2.0/include'
GST_NET_LIBS='-lgstnet-1.0 -lgstreamer-1.0 -lgio-2.0 -lgobject-2.0 -lglib-2.0'
GST_OBJ_CFLAGS='$(GST_ALL_CFLAGS)'
GST_OBJ_LIBS='$(top_builddir)/gst/rtsp-server/libgstrtspserver-1.0.la $(GST_ALL_LIBS)'
GST_OPTION_CFLAGS='$(WARNING_CFLAGS) $(ERROR_CFLAGS) $(DEBUG_CFLAGS) $(PROFILE_CFLAGS) $(GCOV_CFLAGS) $(OPT_CFLAGS) $(DEPRECATED_CFLAGS)'
GST_PACKAGE_NAME='GStreamer RTSP Server Library source release'
GST_PACKAGE_ORIGIN='Unknown package origin'
GST_PKG_CONFIG_PATH='$(top_builddir)/pkgconfig:/opt/ros/kinetic/lib/pkgconfig'
GST_PLUGINS_BAD_CFLAGS=''
GST_PLUGINS_BAD_DIR=''
GST_PLUGINS_BAD_LIBS=''
GST_PLUGINS_BASE_CFLAGS='-pthread -I/usr/include/gstreamer-1.0 -I/usr/lib/x86_64-linux-gnu/gstreamer-1.0/include -I/usr/include/glib-2.0 -I/usr/lib/x86_64-linux-gnu/glib-2.0/include'
GST_PLUGINS_BASE_DIR='/usr/lib/x86_64-linux-gnu/gstreamer-1.0/gst:/usr/lib/x86_64-linux-gnu/gstreamer-1.0/sys:/usr/lib/x86_64-linux-gnu/gstreamer-1.0/ext'
GST_PLUGINS_BASE_LIBS='-lgstreamer-1.0 -lgobject-2.0 -lglib-2.0'
GST_PLUGINS_DIR='/usr/lib/x86_64-linux-gnu/gstreamer-1.0'
GST_PLUGINS_GOOD_CFLAGS=''
GST_PLUGINS_GOOD_DIR=''
GST_PLUGINS_GOOD_LIBS=''
GST_PLUGIN_BUILD_STATIC_FALSE=''
GST_PLUGIN_BUILD_STATIC_TRUE='#'
GST_PLUGIN_LDFLAGS='-module -avoid-version -export-symbols-regex '\''^_*gst_plugin_.*'\'' -no-undefined -Wl,-Bsymbolic-functions'
GST_PLUGIN_LIBTOOLFLAGS='--tag=disable-static'
GST_REVISION='0'
GST_TOOLS_DIR='/usr/bin'
GTKDOC_CHECK=''
GTKDOC_DEPS_CFLAGS=''
GTKDOC_DEPS_LIBS=''
GTKDOC_MKPDF=''
GTKDOC_REBASE='true'
GTK_DOC_BUILD_HTML_FALSE='#'
GTK_DOC_BUILD_HTML_TRUE=''
GTK_DOC_BUILD_PDF_FALSE=''
GTK_DOC_BUILD_PDF_TRUE='#'
GTK_DOC_USE_LIBTOOL_FALSE='#'
GTK_DOC_USE_LIBTOOL_TRUE=''
HAVE_CHECK_FALSE='#'
HAVE_CHECK_TRUE=''
HAVE_DOCBOOK2PS=''
HAVE_DVIPS=''
HAVE_EPSTOPDF=''
HAVE_INTROSPECTION_FALSE=''
HAVE_INTROSPECTION_TRUE='#'
HAVE_JADETEX=''
HAVE_LIBCGROUP_FALSE=''
HAVE_LIBCGROUP_TRUE='#'
HAVE_PNGTOPNM=''
HAVE_PNMTOPS=''
HAVE_PS2PDF=''
HAVE_VALGRIND_FALSE=''
HAVE_VALGRIND_TRUE='#'
HAVE_XMLLINT=''
HAVE_XSLTPROC=''
HTML_DIR='${datadir}/gtk-doc/html'
INSTALL_DATA='${INSTALL} -m 644'
INSTALL_PROGRAM='${INSTALL}'
INSTALL_SCRIPT='${INSTALL}'
INSTALL_STRIP_PROGRAM='$(install_sh) -c -s'
INTROSPECTION_CFLAGS=''
INTROSPECTION_COMPILER=''
INTROSPECTION_GENERATE=''
INTROSPECTION_GIRDIR=''
INTROSPECTION_INIT=''
INTROSPECTION_LIBS=''
INTROSPECTION_MAKEFILE=''
INTROSPECTION_SCANNER=''
INTROSPECTION_TYPELIBDIR=''
LD='/usr/bin/ld -m elf_x86_64'
LDFLAGS=''
LIBCGROUP_CFLAGS=''
LIBCGROUP_LIBS=''
LIBOBJS=''
LIBS=''
LIBTOOL='$(SHELL) $(top_builddir)/libtool'
LIPO=''
LN_S='ln -s'
LTLIBOBJS=''
LT_SYS_LIBRARY_PATH=''
MAINT=''
MAINTAINER_MODE_FALSE='#'
MAINTAINER_MODE_TRUE=''
MAKEINFO='${SHELL} /home/jjy/solftware/gst-rtsp-server-1.8.3/missing makeinfo'
MANIFEST_TOOL=':'
MKDIR_P='/bin/mkdir -p'
NM='/usr/bin/nm -B'
NMEDIT=''
OBJDUMP='objdump'
OBJEXT='o'
OTOOL64=''
OTOOL=''
PACKAGE='gst-rtsp-server'
PACKAGE_BUGREPORT='http://bugzilla.gnome.org/enter_bug.cgi?product=GStreamer'
PACKAGE_NAME='GStreamer RTSP Server Library'
PACKAGE_STRING='GStreamer RTSP Server Library 1.8.3'
PACKAGE_TARNAME='gst-rtsp-server'
PACKAGE_URL=''
PACKAGE_VERSION='1.8.3'
PACKAGE_VERSION_MAJOR='1'
PACKAGE_VERSION_MICRO='3'
PACKAGE_VERSION_MINOR='8'
PACKAGE_VERSION_NANO='0'
PACKAGE_VERSION_RELEASE='1'
PATH_SEPARATOR=':'
PKG_CONFIG='/usr/bin/pkg-config'
PLUGINDIR='/usr/local/lib/gstreamer-1.0'
PROFILE_CFLAGS='-g'
RANLIB='ranlib'
SED='/bin/sed'
SET_MAKE=''
SHELL='/bin/bash'
STRIP='strip'
VALGRIND_CFLAGS=''
VALGRIND_LIBS=''
VALGRIND_PATH='no'
VERSION='1.8.3'
WARNING_CFLAGS=' -Wall -Wdeclaration-after-statement -Wvla -Wpointer-arith -Wmissing-declarations -Wmissing-prototypes -Wredundant-decls -Wundef -Wwrite-strings -Wformat-nonliteral -Wformat-security -Wold-style-definition -Winit-self -Wmissing-include-dirs -Waddress -Waggregate-return -Wno-multichar -Wnested-externs'
XML_CATALOG=''
XSLTPROC=''
XSLTPROC_FLAGS=''
ac_ct_AR='ar'
ac_ct_CC='gcc'
ac_ct_DUMPBIN=''
am__EXEEXT_FALSE=''
am__EXEEXT_TRUE='#'
am__fastdepCCAS_FALSE='#'
am__fastdepCCAS_TRUE=''
am__fastdepCC_FALSE='#'
am__fastdepCC_TRUE=''
am__include='include'
am__isrc=''
am__leading_dot='.'
am__nodep='_no'
am__quote=''
am__tar='tar --format=ustar -chf - "$$tardir"'
am__untar='tar -xf -'
bindir='${exec_prefix}/bin'
build='x86_64-pc-linux-gnu'
build_alias=''
build_cpu='x86_64'
build_os='linux-gnu'
build_vendor='pc'
datadir='${datarootdir}'
datarootdir='${prefix}/share'
docdir='$(datadir)/doc/gst-rtsp-server-1.0'
dvidir='${docdir}'
exec_prefix='${prefix}'
host='x86_64-pc-linux-gnu'
host_alias=''
host_cpu='x86_64'
host_os='linux-gnu'
host_vendor='pc'
htmldir='${docdir}'
includedir='${prefix}/include'
infodir='${datarootdir}/info'
install_sh='${SHELL} /home/jjy/solftware/gst-rtsp-server-1.8.3/install-sh'
libdir='${exec_prefix}/lib'
libexecdir='${exec_prefix}/libexec'
localedir='${datarootdir}/locale'
localstatedir='${prefix}/var'
mandir='${datarootdir}/man'
mkdir_p='$(MKDIR_P)'
oldincludedir='/usr/include'
pdfdir='${docdir}'
plugindir='$(libdir)/gstreamer-1.0'
prefix='/usr/local'
program_transform_name='s,x,x,'
psdir='${docdir}'
runstatedir='${localstatedir}/run'
sbindir='${exec_prefix}/sbin'
sharedstatedir='${prefix}/com'
sysconfdir='${prefix}/etc'
target='x86_64-pc-linux-gnu'
target_alias=''
target_cpu='x86_64'
target_os='linux-gnu'
target_vendor='pc'

## ----------- ##
## confdefs.h. ##
## ----------- ##

/* confdefs.h */
#define PACKAGE_NAME "GStreamer RTSP Server Library"
#define PACKAGE_TARNAME "gst-rtsp-server"
#define PACKAGE_VERSION "1.8.3"
#define PACKAGE_STRING "GStreamer RTSP Server Library 1.8.3"
#define PACKAGE_BUGREPORT "http://bugzilla.gnome.org/enter_bug.cgi?product=GStreamer"
#define PACKAGE_URL ""
#define PACKAGE "gst-rtsp-server"
#define VERSION "1.8.3"
#define STDC_HEADERS 1
#define HAVE_SYS_TYPES_H 1
#define HAVE_SYS_STAT_H 1
#define HAVE_STDLIB_H 1
#define HAVE_STRING_H 1
#define HAVE_MEMORY_H 1
#define HAVE_STRINGS_H 1
#define HAVE_INTTYPES_H 1
#define HAVE_STDINT_H 1
#define HAVE_UNISTD_H 1
#define HAVE_DLFCN_H 1
#define LT_OBJDIR ".libs/"
#define GST_PACKAGE_NAME "GStreamer RTSP Server Library source release"
#define GST_PACKAGE_ORIGIN "Unknown package origin"
#define GST_PACKAGE_RELEASE_DATETIME "2016-08-19"
#define GIO_MODULE_DIR "/usr/lib/x86_64-linux-gnu/gio/modules"
#define GIO_LIBDIR "/usr/lib/x86_64-linux-gnu"
#define GIO_PREFIX "/usr"
#define GST_LICENSE "LGPL"
#define PLUGINDIR "/usr/local/lib/gstreamer-1.0"
#define GST_PACKAGE_RELEASE_DATETIME "2016-08-19"
#define GST_LEVEL_DEFAULT GST_LEVEL_NONE
#define DEFAULT_AUDIOSINK "autoaudiosink"
#define DEFAULT_AUDIOSRC "alsasrc"
#define DEFAULT_VIDEOSINK "autovideosink"
#define DEFAULT_VIDEOSRC "v4l2src"
#define DEFAULT_VISUALIZER "goom"

configure: exit 0
